
{
    "exp_name": "kgcn_KEGG_neigh_4_embed_32_depth_2_agg_sum_optimizer_adam_lr_0.02_batch_size_256_epoch_50_swa",
    "batch_size": 256,
    "optimizer": "adam",
    "epoch": 50,
    "learning_rate": 0.02,
    "train_time": "00:01:28",
    "dev_auc": 0.9217550280363971,
    "dev_acc": 0.8562653562653563,
    "dev_f1": 0.8575652173913043,
    "dev_aupr": 0.8892836292335344,
    "k_fold": 1,
    "dataset": "KEGG",
    "aggregate_type": "sum",
    "swa_dev_auc": 0.5055562766816661,
    "swa_dev_acc": 0.5014917514917515,
    "swa_dev_f1": 0.5349160867785511,
    "swa_dev_aupr": 0.4927481956916821,
    "test_auc": 0.9182141355782394,
    "test_acc": 0.8578573308765465,
    "test_f1": 0.8634754761503455,
    "test_aupr": 0.88287391792114,
    "swa_test_auc": 0.5057722305288945,
    "swa_test_acc": 0.5021496885145214,
    "swa_test_f1": 0.541235446313066,
    "swa_test_aupr": 0.5085682101367585,
    "timestamp": "2020-01-08 19:56:48"
}
{
    "exp_name": "kgcn_KEGG_neigh_4_embed_32_depth_2_agg_sum_optimizer_adam_lr_0.02_batch_size_256_epoch_50_swa",
    "batch_size": 256,
    "optimizer": "adam",
    "epoch": 50,
    "learning_rate": 0.02,
    "train_time": "00:01:24",
    "dev_auc": 0.9278372369402408,
    "dev_acc": 0.8696911196911197,
    "dev_f1": 0.876630389631968,
    "dev_aupr": 0.8990839706617413,
    "k_fold": 2,
    "dataset": "KEGG",
    "aggregate_type": "sum",
    "swa_dev_auc": 0.5129331468271281,
    "swa_dev_acc": 0.51009126009126,
    "swa_dev_f1": 0.5536099784120891,
    "swa_dev_aupr": 0.5148697956016788,
    "test_auc": 0.9259677810667634,
    "test_acc": 0.8668070544880232,
    "test_f1": 0.8719419605196558,
    "test_aupr": 0.8914849488802562,
    "swa_test_auc": 0.5153896318790889,
    "swa_test_acc": 0.5107484425726069,
    "swa_test_f1": 0.5537772087067862,
    "swa_test_aupr": 0.5134274858153363,
    "timestamp": "2020-01-08 19:58:25"
}
{
    "exp_name": "kgcn_KEGG_neigh_4_embed_32_depth_2_agg_sum_optimizer_adam_lr_0.02_batch_size_256_epoch_50_swa",
    "batch_size": 256,
    "optimizer": "adam",
    "epoch": 50,
    "learning_rate": 0.02,
    "train_time": "00:01:25",
    "dev_auc": 0.919250896944966,
    "dev_acc": 0.8612671112671113,
    "dev_f1": 0.8682609782518124,
    "dev_aupr": 0.8917285349162696,
    "k_fold": 3,
    "dataset": "KEGG",
    "aggregate_type": "sum",
    "swa_dev_auc": 0.5074528980686114,
    "swa_dev_acc": 0.5047385047385048,
    "swa_dev_f1": 0.5540455120101138,
    "swa_dev_aupr": 0.5089837044568737,
    "test_auc": 0.9196570681942577,
    "test_acc": 0.8619812231288936,
    "test_f1": 0.8669092139774939,
    "test_aupr": 0.8889665141907039,
    "swa_test_auc": 0.515955895919199,
    "swa_test_acc": 0.5117136088444327,
    "swa_test_f1": 0.5584384670316591,
    "swa_test_aupr": 0.508858198878039,
    "timestamp": "2020-01-08 20:00:02"
}
{
    "exp_name": "kgcn_KEGG_neigh_4_embed_32_depth_2_agg_sum_optimizer_adam_lr_0.02_batch_size_256_epoch_50_swa",
    "batch_size": 256,
    "optimizer": "adam",
    "epoch": 50,
    "learning_rate": 0.02,
    "train_time": "00:01:25",
    "dev_auc": 0.927736681913389,
    "dev_acc": 0.8727623727623728,
    "dev_f1": 0.8800066203243959,
    "dev_aupr": 0.9041698993203637,
    "k_fold": 4,
    "dataset": "KEGG",
    "aggregate_type": "sum",
    "swa_dev_auc": 0.5229468176029023,
    "swa_dev_acc": 0.5178132678132679,
    "swa_dev_f1": 0.5600128112739211,
    "swa_dev_aupr": 0.524736205936515,
    "test_auc": 0.9231943887597742,
    "test_acc": 0.8667193120996753,
    "test_f1": 0.8755020080321285,
    "test_aupr": 0.8978440786292186,
    "swa_test_auc": 0.5163757908994582,
    "swa_test_acc": 0.5141703957181715,
    "swa_test_f1": 0.5590507286772318,
    "swa_test_aupr": 0.5202822521975904,
    "timestamp": "2020-01-08 20:01:40"
}
{
    "exp_name": "kgcn_KEGG_neigh_4_embed_32_depth_2_agg_sum_optimizer_adam_lr_0.02_batch_size_256_epoch_50_swa",
    "batch_size": 256,
    "optimizer": "adam",
    "epoch": 50,
    "learning_rate": 0.02,
    "train_time": "00:01:14",
    "dev_auc": 0.9226254261988014,
    "dev_acc": 0.8612671112671113,
    "dev_f1": 0.8667734052414258,
    "dev_aupr": 0.8955187389206691,
    "k_fold": 5,
    "dataset": "KEGG",
    "aggregate_type": "sum",
    "swa_dev_auc": 0.5296605443609437,
    "swa_dev_acc": 0.5214110214110214,
    "swa_dev_f1": 0.5511111111111111,
    "swa_dev_aupr": 0.5253879423986991,
    "test_auc": 0.9219399367131839,
    "test_acc": 0.8591734667017636,
    "test_f1": 0.8647509901407264,
    "test_aupr": 0.8905195765028652,
    "swa_test_auc": 0.5210186735956925,
    "swa_test_acc": 0.5147845924366061,
    "swa_test_f1": 0.5473149967256058,
    "swa_test_aupr": 0.5159330974672061,
    "timestamp": "2020-01-08 20:03:06"
}
{
    "exp_name": "kgcn_KEGG_neigh_4_embed_32_depth_2_agg_concat_optimizer_adam_lr_0.02_batch_size_256_epoch_50_swa",
    "batch_size": 256,
    "optimizer": "adam",
    "epoch": 50,
    "learning_rate": 0.02,
    "train_time": "00:01:15",
    "dev_auc": 0.9217078646397023,
    "dev_acc": 0.8597753597753598,
    "dev_f1": 0.8648054145516075,
    "dev_aupr": 0.8905002315139934,
    "k_fold": 1,
    "dataset": "KEGG",
    "aggregate_type": "concat",
    "swa_dev_auc": 0.5118439244047935,
    "swa_dev_acc": 0.5074587574587575,
    "swa_dev_f1": 0.5432500610301895,
    "swa_dev_aupr": 0.5095869667460955,
    "test_auc": 0.9240630794094122,
    "test_acc": 0.8584715275949811,
    "test_f1": 0.8635710056669204,
    "test_aupr": 0.9004511567243464,
    "swa_test_auc": 0.519287167553769,
    "swa_test_acc": 0.5112748969026937,
    "swa_test_f1": 0.5498626151608211,
    "swa_test_aupr": 0.5154118878927603,
    "timestamp": "2020-01-08 20:04:34"
}
{
    "exp_name": "kgcn_KEGG_neigh_4_embed_32_depth_2_agg_concat_optimizer_adam_lr_0.02_batch_size_256_epoch_50_swa",
    "batch_size": 256,
    "optimizer": "adam",
    "epoch": 50,
    "learning_rate": 0.02,
    "train_time": "00:01:15",
    "dev_auc": 0.9194669091761196,
    "dev_acc": 0.8603896103896104,
    "dev_f1": 0.8690642745453049,
    "dev_aupr": 0.8882980397612896,
    "k_fold": 2,
    "dataset": "KEGG",
    "aggregate_type": "concat",
    "swa_dev_auc": 0.49727118344834786,
    "swa_dev_acc": 0.4975429975429975,
    "swa_dev_f1": 0.5465631929046564,
    "swa_dev_aupr": 0.49811356077867824,
    "test_auc": 0.920785405568213,
    "test_acc": 0.8555760287795033,
    "test_f1": 0.8624895572263994,
    "test_aupr": 0.8911154580933827,
    "swa_test_auc": 0.5047080078864848,
    "swa_test_acc": 0.5019742037378258,
    "swa_test_f1": 0.5457746478873239,
    "swa_test_aupr": 0.5050396083516908,
    "timestamp": "2020-01-08 20:06:01"
}
{
    "exp_name": "kgcn_KEGG_neigh_4_embed_32_depth_2_agg_concat_optimizer_adam_lr_0.02_batch_size_256_epoch_50_swa",
    "batch_size": 256,
    "optimizer": "adam",
    "epoch": 50,
    "learning_rate": 0.02,
    "train_time": "00:01:15",
    "dev_auc": 0.9192029097665285,
    "dev_acc": 0.8584591084591084,
    "dev_f1": 0.8619834003593738,
    "dev_aupr": 0.8778589709104667,
    "k_fold": 3,
    "dataset": "KEGG",
    "aggregate_type": "concat",
    "swa_dev_auc": 0.5220276792511266,
    "swa_dev_acc": 0.5128992628992629,
    "swa_dev_f1": 0.5468941310913394,
    "swa_dev_aupr": 0.5157162945026528,
    "test_auc": 0.9221957094592619,
    "test_acc": 0.8620689655172413,
    "test_f1": 0.8658016049171932,
    "test_aupr": 0.8888189761185092,
    "swa_test_auc": 0.5142882680690288,
    "swa_test_acc": 0.5096077915240853,
    "swa_test_f1": 0.540340488527017,
    "swa_test_aupr": 0.5123672042010254,
    "timestamp": "2020-01-08 20:07:28"
}
{
    "exp_name": "kgcn_KEGG_neigh_4_embed_32_depth_2_agg_sum_optimizer_adam_lr_0.02_batch_size_256_epoch_50",
    "batch_size": 256,
    "optimizer": "adam",
    "epoch": 50,
    "learning_rate": 0.02,
    "train_time": "00:01:23",
    "dev_auc": 0.9283789051100174,
    "dev_acc": 0.8690768690768691,
    "dev_f1": 0.8733876442634081,
    "dev_aupr": 0.9005955262573015,
    "k_fold": 1,
    "dataset": "KEGG",
    "aggregate_type": "sum",
    "test_auc": 0.924017294299837,
    "test_acc": 0.8661051153812407,
    "test_f1": 0.8705902306648576,
    "test_aupr": 0.8909836791895667,
    "timestamp": "2020-01-08 20:10:26"
}
{
    "exp_name": "kgcn_KEGG_neigh_4_embed_32_depth_2_agg_sum_optimizer_adam_lr_0.02_batch_size_256_epoch_50",
    "batch_size": 256,
    "optimizer": "adam",
    "epoch": 50,
    "learning_rate": 0.02,
    "train_time": "00:01:12",
    "dev_auc": 0.9151828614725015,
    "dev_acc": 0.8559143559143559,
    "dev_f1": 0.863960231980116,
    "dev_aupr": 0.8771889973738358,
    "k_fold": 2,
    "dataset": "KEGG",
    "aggregate_type": "sum",
    "test_auc": 0.9141633596315256,
    "test_acc": 0.8577695884881986,
    "test_f1": 0.8659998346697528,
    "test_aupr": 0.8787886577806094,
    "timestamp": "2020-01-08 20:11:45"
}
{
    "exp_name": "kgcn_KEGG_neigh_4_embed_32_depth_2_agg_sum_optimizer_adam_lr_0.02_batch_size_256_epoch_50",
    "batch_size": 256,
    "optimizer": "adam",
    "epoch": 50,
    "learning_rate": 0.02,
    "train_time": "00:01:23",
    "dev_auc": 0.9239384472752279,
    "dev_acc": 0.8674973674973675,
    "dev_f1": 0.8761889143981633,
    "dev_aupr": 0.8932641466122934,
    "k_fold": 3,
    "dataset": "KEGG",
    "aggregate_type": "sum",
    "test_auc": 0.924592526468332,
    "test_acc": 0.8686496446433272,
    "test_f1": 0.8757160647571608,
    "test_aupr": 0.8873347706390167,
    "timestamp": "2020-01-08 20:13:15"
}
{
    "exp_name": "kgcn_KEGG_neigh_4_embed_32_depth_2_agg_sum_optimizer_adam_lr_0.02_batch_size_256_epoch_50",
    "batch_size": 256,
    "optimizer": "adam",
    "epoch": 50,
    "learning_rate": 0.02,
    "train_time": "00:01:12",
    "dev_auc": 0.9239104140609522,
    "dev_acc": 0.8633731133731134,
    "dev_f1": 0.8703040399833404,
    "dev_aupr": 0.897563642085465,
    "k_fold": 4,
    "dataset": "KEGG",
    "aggregate_type": "sum",
    "test_auc": 0.9217775971986181,
    "test_acc": 0.8604896025269808,
    "test_f1": 0.8677644710578843,
    "test_aupr": 0.8959511886727359,
    "timestamp": "2020-01-08 20:14:34"
}
{
    "exp_name": "kgcn_KEGG_neigh_4_embed_32_depth_2_agg_sum_optimizer_adam_lr_0.02_batch_size_256_epoch_50",
    "batch_size": 256,
    "optimizer": "adam",
    "epoch": 50,
    "learning_rate": 0.02,
    "train_time": "00:01:12",
    "dev_auc": 0.9233290035093537,
    "dev_acc": 0.863987363987364,
    "dev_f1": 0.8671580390812478,
    "dev_aupr": 0.8889682728471588,
    "k_fold": 5,
    "dataset": "KEGG",
    "aggregate_type": "sum",
    "test_auc": 0.919440158617116,
    "test_acc": 0.857594103711503,
    "test_f1": 0.8619780593587889,
    "test_aupr": 0.8849967528875374,
    "timestamp": "2020-01-08 20:15:53"
}
{
    "exp_name": "kgcn_KEGG_neigh_4_embed_32_depth_2_agg_concat_optimizer_adam_lr_0.02_batch_size_256_epoch_50",
    "batch_size": 256,
    "optimizer": "adam",
    "epoch": 50,
    "learning_rate": 0.02,
    "train_time": "00:01:13",
    "dev_auc": 0.925331840209503,
    "dev_acc": 0.8631098631098632,
    "dev_f1": 0.8649818244763718,
    "dev_aupr": 0.8923309950103537,
    "k_fold": 1,
    "dataset": "KEGG",
    "aggregate_type": "concat",
    "test_auc": 0.920984195443895,
    "test_acc": 0.8599631481968939,
    "test_f1": 0.8642626296989284,
    "test_aupr": 0.8904911354074041,
    "timestamp": "2020-01-08 20:17:13"
}
{
    "exp_name": "kgcn_KEGG_neigh_4_embed_32_depth_2_agg_concat_optimizer_adam_lr_0.02_batch_size_256_epoch_50",
    "batch_size": 256,
    "optimizer": "adam",
    "epoch": 50,
    "learning_rate": 0.02,
    "train_time": "00:01:13",
    "dev_auc": 0.914608030306521,
    "dev_acc": 0.8498595998595999,
    "dev_f1": 0.8540226943093592,
    "dev_aupr": 0.8811852843697988,
    "k_fold": 2,
    "dataset": "KEGG",
    "aggregate_type": "concat",
    "test_auc": 0.9195654061884738,
    "test_acc": 0.8573308765464596,
    "test_f1": 0.8617111753699608,
    "test_aupr": 0.8898600448000716,
    "timestamp": "2020-01-08 20:18:33"
}
{
    "exp_name": "kgcn_KEGG_neigh_4_embed_32_depth_2_agg_concat_optimizer_adam_lr_0.02_batch_size_256_epoch_50",
    "batch_size": 256,
    "optimizer": "adam",
    "epoch": 50,
    "learning_rate": 0.02,
    "train_time": "00:01:13",
    "dev_auc": 0.9123304962678295,
    "dev_acc": 0.8480168480168481,
    "dev_f1": 0.8545515619751428,
    "dev_aupr": 0.8777093769096468,
    "k_fold": 3,
    "dataset": "KEGG",
    "aggregate_type": "concat",
    "test_auc": 0.9156271337222315,
    "test_acc": 0.8538211810125471,
    "test_f1": 0.8591477849171457,
    "test_aupr": 0.8791468565965721,
    "timestamp": "2020-01-08 20:19:53"
}
{
    "exp_name": "kgcn_KEGG_neigh_4_embed_32_depth_2_agg_concat_optimizer_adam_lr_0.02_batch_size_256_epoch_50",
    "batch_size": 256,
    "optimizer": "adam",
    "epoch": 50,
    "learning_rate": 0.02,
    "train_time": "00:01:13",
    "dev_auc": 0.9205579704540611,
    "dev_acc": 0.86003861003861,
    "dev_f1": 0.8677117027452932,
    "dev_aupr": 0.8878070553122246,
    "k_fold": 4,
    "dataset": "KEGG",
    "aggregate_type": "concat",
    "test_auc": 0.9159279467617847,
    "test_acc": 0.8547863472843731,
    "test_f1": 0.8641772671317194,
    "test_aupr": 0.8787149296869801,
    "timestamp": "2020-01-08 20:21:12"
}
{
    "exp_name": "kgcn_KEGG_neigh_4_embed_32_depth_2_agg_concat_optimizer_adam_lr_0.02_batch_size_256_epoch_50",
    "batch_size": 256,
    "optimizer": "adam",
    "epoch": 50,
    "learning_rate": 0.02,
    "train_time": "00:01:13",
    "dev_auc": 0.8977291357989328,
    "dev_acc": 0.8293260793260794,
    "dev_f1": 0.8350156925947918,
    "dev_aupr": 0.860226268794964,
    "k_fold": 5,
    "dataset": "KEGG",
    "aggregate_type": "concat",
    "test_auc": 0.9030895623874434,
    "test_acc": 0.8361849609546372,
    "test_f1": 0.8414975804397657,
    "test_aupr": 0.8657672573739464,
    "timestamp": "2020-01-08 20:22:32"
}
{
    "exp_name": "kgcn_KEGG_neigh_4_embed_32_depth_2_agg_neigh_optimizer_adam_lr_0.02_batch_size_256_epoch_50",
    "batch_size": 256,
    "optimizer": "adam",
    "epoch": 50,
    "learning_rate": 0.02,
    "train_time": "00:01:07",
    "dev_auc": 0.8832362919699315,
    "dev_acc": 0.8177430677430677,
    "dev_f1": 0.8242957448608408,
    "dev_aupr": 0.841431495287904,
    "k_fold": 1,
    "dataset": "KEGG",
    "aggregate_type": "neigh",
    "test_auc": 0.8790740167944002,
    "test_acc": 0.8140738790909888,
    "test_f1": 0.8201646439786133,
    "test_aupr": 0.8294149212548729,
    "timestamp": "2020-01-08 20:23:46"
}
{
    "exp_name": "kgcn_KEGG_neigh_4_embed_32_depth_2_agg_neigh_optimizer_adam_lr_0.02_batch_size_256_epoch_50",
    "batch_size": 256,
    "optimizer": "adam",
    "epoch": 50,
    "learning_rate": 0.02,
    "train_time": "00:01:08",
    "dev_auc": 0.8902245562906115,
    "dev_acc": 0.825991575991576,
    "dev_f1": 0.8360208385016125,
    "dev_aupr": 0.849632932736803,
    "k_fold": 2,
    "dataset": "KEGG",
    "aggregate_type": "neigh",
    "test_auc": 0.8880738908974445,
    "test_acc": 0.8222339212073353,
    "test_f1": 0.8337163493105711,
    "test_aupr": 0.8532904657401961,
    "timestamp": "2020-01-08 20:25:00"
}
{
    "exp_name": "kgcn_KEGG_neigh_4_embed_32_depth_2_agg_neigh_optimizer_adam_lr_0.02_batch_size_256_epoch_50",
    "batch_size": 256,
    "optimizer": "adam",
    "epoch": 50,
    "learning_rate": 0.02,
    "train_time": "00:01:08",
    "dev_auc": 0.8865157325694221,
    "dev_acc": 0.8178308178308178,
    "dev_f1": 0.8246029063872929,
    "dev_aupr": 0.8475271680139221,
    "k_fold": 3,
    "dataset": "KEGG",
    "aggregate_type": "neigh",
    "test_auc": 0.8847117518951293,
    "test_acc": 0.8153022725278583,
    "test_f1": 0.824187755783847,
    "test_aupr": 0.8503771532775314,
    "timestamp": "2020-01-08 20:26:14"
}
{
    "exp_name": "kgcn_KEGG_neigh_4_embed_32_depth_2_agg_neigh_optimizer_adam_lr_0.02_batch_size_256_epoch_50",
    "batch_size": 256,
    "optimizer": "adam",
    "epoch": 50,
    "learning_rate": 0.02,
    "train_time": "00:01:08",
    "dev_auc": 0.8748535867560283,
    "dev_acc": 0.8073885573885574,
    "dev_f1": 0.8137146736824239,
    "dev_aupr": 0.8388041739898635,
    "k_fold": 4,
    "dataset": "KEGG",
    "aggregate_type": "neigh",
    "test_auc": 0.8773897224350894,
    "test_acc": 0.8102132140036852,
    "test_f1": 0.8163681127430171,
    "test_aupr": 0.8421900810212165,
    "timestamp": "2020-01-08 20:27:29"
}
{
    "exp_name": "kgcn_KEGG_neigh_4_embed_32_depth_2_agg_neigh_optimizer_adam_lr_0.02_batch_size_256_epoch_50",
    "batch_size": 256,
    "optimizer": "adam",
    "epoch": 50,
    "learning_rate": 0.02,
    "train_time": "00:01:08",
    "dev_auc": 0.8872817229327472,
    "dev_acc": 0.8168655668655669,
    "dev_f1": 0.8210273561444129,
    "dev_aupr": 0.8550293283772752,
    "k_fold": 5,
    "dataset": "KEGG",
    "aggregate_type": "neigh",
    "test_auc": 0.8912287141674178,
    "test_acc": 0.819075195226814,
    "test_f1": 0.8244508768942619,
    "test_aupr": 0.8587904191810702,
    "timestamp": "2020-01-08 20:28:43"
}
{
    "exp_name": "kgcn_drug_neigh_4_embed_32_depth_2_agg_sum_optimizer_adam_lr_0.02_batch_size_4096_epoch_50",
    "batch_size": 4096,
    "optimizer": "adam",
    "epoch": 50,
    "learning_rate": 0.02,
    "train_time": "00:21:40",
    "dev_auc": 0.9899106647981716,
    "dev_acc": 0.9523257427925244,
    "dev_f1": 0.9528394084532069,
    "dev_aupr": 0.9888492080511239,
    "k_fold": 1,
    "dataset": "drug",
    "aggregate_type": "sum",
    "test_auc": 0.9897782857365993,
    "test_acc": 0.9530772873495649,
    "test_f1": 0.9534847957523614,
    "test_aupr": 0.9883511531666107,
    "timestamp": "2020-01-08 21:34:08"
}
{
    "exp_name": "kgcn_drug_neigh_4_embed_32_depth_2_agg_sum_optimizer_adam_lr_0.02_batch_size_4096_epoch_50",
    "batch_size": 4096,
    "optimizer": "adam",
    "epoch": 50,
    "learning_rate": 0.02,
    "train_time": "00:27:18",
    "dev_auc": 0.9900218757654853,
    "dev_acc": 0.9534198257632045,
    "dev_f1": 0.953735615871806,
    "dev_aupr": 0.9886603335058781,
    "k_fold": 2,
    "dataset": "drug",
    "aggregate_type": "sum",
    "test_auc": 0.9900416424568699,
    "test_acc": 0.9527996864743056,
    "test_f1": 0.9532693660121737,
    "test_aupr": 0.9888172111085249,
    "timestamp": "2020-01-08 22:02:29"
}
{
    "exp_name": "kgcn_drug_neigh_4_embed_32_depth_2_agg_sum_optimizer_adam_lr_0.02_batch_size_4096_epoch_50",
    "batch_size": 4096,
    "optimizer": "adam",
    "epoch": 50,
    "learning_rate": 0.02,
    "train_time": "00:18:28",
    "dev_auc": 0.9899771742166483,
    "dev_acc": 0.9531912114111221,
    "dev_f1": 0.953502518309448,
    "dev_aupr": 0.9885834127383558,
    "k_fold": 3,
    "dataset": "drug",
    "aggregate_type": "sum",
    "test_auc": 0.9901042279413529,
    "test_acc": 0.9534365355410768,
    "test_f1": 0.9539177581874158,
    "test_aupr": 0.9890132689861921,
    "timestamp": "2020-01-08 22:22:00"
}
{
    "exp_name": "kgcn_drug_neigh_4_embed_32_depth_2_agg_sum_optimizer_adam_lr_0.02_batch_size_4096_epoch_50",
    "batch_size": 4096,
    "optimizer": "adam",
    "epoch": 50,
    "learning_rate": 0.02,
    "train_time": "00:29:45",
    "dev_auc": 0.9900998212016251,
    "dev_acc": 0.9535178033426684,
    "dev_f1": 0.9538643565078567,
    "dev_aupr": 0.9888868215516471,
    "k_fold": 4,
    "dataset": "drug",
    "aggregate_type": "sum",
    "test_auc": 0.990798825287549,
    "test_acc": 0.9551266349875079,
    "test_f1": 0.9558071467627288,
    "test_aupr": 0.989919016543207,
    "timestamp": "2020-01-08 22:52:49"
}
{
    "exp_name": "kgcn_drug_neigh_4_embed_32_depth_2_agg_sum_optimizer_adam_lr_0.02_batch_size_4096_epoch_50",
    "batch_size": 4096,
    "optimizer": "adam",
    "epoch": 50,
    "learning_rate": 0.02,
    "train_time": "00:19:37",
    "dev_auc": 0.9904505702699496,
    "dev_acc": 0.9555426733182557,
    "dev_f1": 0.9560309116015407,
    "dev_aupr": 0.9890920391465187,
    "k_fold": 5,
    "dataset": "drug",
    "aggregate_type": "sum",
    "test_auc": 0.990326617235583,
    "test_acc": 0.954734727869495,
    "test_f1": 0.9553285094999436,
    "test_aupr": 0.989101627920875,
    "timestamp": "2020-01-08 23:13:30"
}
{
    "exp_name": "kgcn_drug_neigh_4_embed_32_depth_2_agg_concat_optimizer_adam_lr_0.02_batch_size_4096_epoch_50",
    "batch_size": 4096,
    "optimizer": "adam",
    "epoch": 50,
    "learning_rate": 0.02,
    "train_time": "00:15:05",
    "dev_auc": 0.9904145858943244,
    "dev_acc": 0.9536729345101529,
    "dev_f1": 0.9542404593696571,
    "dev_aupr": 0.9894366484287004,
    "k_fold": 1,
    "dataset": "drug",
    "aggregate_type": "concat",
    "test_auc": 0.9904131736212067,
    "test_acc": 0.9546612452848675,
    "test_f1": 0.9549697122051298,
    "test_aupr": 0.9891430261398289,
    "timestamp": "2020-01-08 23:29:39"
}
{
    "exp_name": "kgcn_drug_neigh_4_embed_32_depth_2_agg_concat_optimizer_adam_lr_0.02_batch_size_4096_epoch_50",
    "batch_size": 4096,
    "optimizer": "adam",
    "epoch": 50,
    "learning_rate": 0.02,
    "train_time": "00:16:14",
    "dev_auc": 0.9907527040794064,
    "dev_acc": 0.9537055937033075,
    "dev_f1": 0.9541135911172977,
    "dev_aupr": 0.9897507015102062,
    "k_fold": 2,
    "dataset": "drug",
    "aggregate_type": "concat",
    "test_auc": 0.9904136496943379,
    "test_acc": 0.9516647887783929,
    "test_f1": 0.9517561730910278,
    "test_aupr": 0.9893388370439655,
    "timestamp": "2020-01-08 23:46:58"
}
{
    "exp_name": "kgcn_drug_neigh_4_embed_32_depth_2_agg_concat_optimizer_adam_lr_0.02_batch_size_4096_epoch_50",
    "batch_size": 4096,
    "optimizer": "adam",
    "epoch": 50,
    "learning_rate": 0.02,
    "train_time": "00:20:47",
    "dev_auc": 0.9908405029628949,
    "dev_acc": 0.954938478244895,
    "dev_f1": 0.9554139098260667,
    "dev_aupr": 0.989892460010835,
    "k_fold": 3,
    "dataset": "drug",
    "aggregate_type": "concat",
    "test_auc": 0.9906262587710633,
    "test_acc": 0.9536079949052074,
    "test_f1": 0.9540298700668274,
    "test_aupr": 0.9896945785709121,
    "timestamp": "2020-01-09 00:08:49"
}
{
    "exp_name": "kgcn_drug_neigh_4_embed_32_depth_2_agg_concat_optimizer_adam_lr_0.02_batch_size_4096_epoch_50",
    "batch_size": 4096,
    "optimizer": "adam",
    "epoch": 50,
    "learning_rate": 0.02,
    "train_time": "00:19:44",
    "dev_auc": 0.9893940958294646,
    "dev_acc": 0.9518603492900708,
    "dev_f1": 0.9524324324324325,
    "dev_aupr": 0.9882198651218677,
    "k_fold": 4,
    "dataset": "drug",
    "aggregate_type": "concat",
    "test_auc": 0.9896417938300376,
    "test_acc": 0.9527670275478045,
    "test_f1": 0.9529892651372941,
    "test_aupr": 0.9882892891322201,
    "timestamp": "2020-01-09 00:29:36"
}
{
    "exp_name": "kgcn_drug_neigh_4_embed_32_depth_2_agg_concat_optimizer_adam_lr_0.02_batch_size_4096_epoch_50",
    "batch_size": 4096,
    "optimizer": "adam",
    "epoch": 50,
    "learning_rate": 0.02,
    "train_time": "00:16:15",
    "dev_auc": 0.9903983680769879,
    "dev_acc": 0.9535096385443798,
    "dev_f1": 0.9539878787878787,
    "dev_aupr": 0.9892957885262551,
    "k_fold": 5,
    "dataset": "drug",
    "aggregate_type": "concat",
    "test_auc": 0.9904220170689658,
    "test_acc": 0.954375479677983,
    "test_f1": 0.9551164658634539,
    "test_aupr": 0.9894550563728632,
    "timestamp": "2020-01-09 00:46:55"
}
{
    "exp_name": "kgcn_drug_neigh_4_embed_32_depth_2_agg_neigh_optimizer_adam_lr_0.02_batch_size_4096_epoch_50",
    "batch_size": 4096,
    "optimizer": "adam",
    "epoch": 50,
    "learning_rate": 0.02,
    "train_time": "00:09:52",
    "dev_auc": 0.9786169745123124,
    "dev_acc": 0.9270475272908383,
    "dev_f1": 0.9286860189478894,
    "dev_aupr": 0.9760305805978817,
    "k_fold": 1,
    "dataset": "drug",
    "aggregate_type": "neigh",
    "test_auc": 0.978372955193574,
    "test_acc": 0.9263132970819249,
    "test_f1": 0.9282277625352897,
    "test_aupr": 0.9754201117087021,
    "timestamp": "2020-01-09 00:57:44"
}
{
    "exp_name": "kgcn_drug_neigh_4_embed_32_depth_2_agg_neigh_optimizer_adam_lr_0.02_batch_size_4096_epoch_50",
    "batch_size": 4096,
    "optimizer": "adam",
    "epoch": 50,
    "learning_rate": 0.02,
    "train_time": "00:13:25",
    "dev_auc": 0.9817945006059279,
    "dev_acc": 0.9344774937335173,
    "dev_f1": 0.9354825742653857,
    "dev_aupr": 0.9792155685674931,
    "k_fold": 2,
    "dataset": "drug",
    "aggregate_type": "neigh",
    "test_auc": 0.9821674107387607,
    "test_acc": 0.934584170218325,
    "test_f1": 0.9357868752604751,
    "test_aupr": 0.9799042492340253,
    "timestamp": "2020-01-09 01:12:09"
}
{
    "exp_name": "kgcn_drug_neigh_4_embed_32_depth_2_agg_neigh_optimizer_adam_lr_0.02_batch_size_4096_epoch_50",
    "batch_size": 4096,
    "optimizer": "adam",
    "epoch": 50,
    "learning_rate": 0.02,
    "train_time": "00:16:43",
    "dev_auc": 0.9845939136077149,
    "dev_acc": 0.9412869355062583,
    "dev_f1": 0.9424365409092,
    "dev_aupr": 0.9825269482339185,
    "k_fold": 3,
    "dataset": "drug",
    "aggregate_type": "neigh",
    "test_auc": 0.9849435688177388,
    "test_acc": 0.9418507813648166,
    "test_f1": 0.9431431719116731,
    "test_aupr": 0.9830797939811845,
    "timestamp": "2020-01-09 01:29:52"
}
{
    "exp_name": "kgcn_drug_neigh_4_embed_32_depth_2_agg_neigh_optimizer_adam_lr_0.02_batch_size_4096_epoch_50",
    "batch_size": 4096,
    "optimizer": "adam",
    "epoch": 50,
    "learning_rate": 0.02,
    "train_time": "00:16:45",
    "dev_auc": 0.984861961970332,
    "dev_acc": 0.9404704556773925,
    "dev_f1": 0.9409267316464516,
    "dev_aupr": 0.9827209183322871,
    "k_fold": 4,
    "dataset": "drug",
    "aggregate_type": "neigh",
    "test_auc": 0.9846730822316556,
    "test_acc": 0.9405444243047731,
    "test_f1": 0.9409245047296091,
    "test_aupr": 0.9823981712930173,
    "timestamp": "2020-01-09 01:47:37"
}
{
    "exp_name": "kgcn_drug_neigh_4_embed_32_depth_2_agg_neigh_optimizer_adam_lr_0.02_batch_size_4096_epoch_50",
    "batch_size": 4096,
    "optimizer": "adam",
    "epoch": 50,
    "learning_rate": 0.02,
    "train_time": "00:12:22",
    "dev_auc": 0.9818849002325098,
    "dev_acc": 0.9340365946259298,
    "dev_f1": 0.9349354508774332,
    "dev_aupr": 0.9795373263774787,
    "k_fold": 5,
    "dataset": "drug",
    "aggregate_type": "neigh",
    "test_auc": 0.9819214397031593,
    "test_acc": 0.9335717434967913,
    "test_f1": 0.9347281945959823,
    "test_aupr": 0.9798471838651277,
    "timestamp": "2020-01-09 02:00:56"
}
{
    "exp_name": "kgcn_KEGG_neigh_4_embed_128_depth_2_agg_sum_optimizer_adam_lr_0.02_batch_size_4096_epoch_50",
    "batch_size": 4096,
    "optimizer": "adam",
    "epoch": 50,
    "learning_rate": 0.02,
    "train_time": "00:00:45",
    "dev_auc": 0.9345122483840582,
    "dev_acc": 0.8789048789048789,
    "dev_f1": 0.8831498729889925,
    "dev_aupr": 0.9054610102403855,
    "k_fold": 1,
    "dataset": "KEGG",
    "aggregate_type": "sum",
    "test_auc": 0.9313373432978858,
    "test_acc": 0.8727735368956743,
    "test_f1": 0.876721645978575,
    "test_aupr": 0.9012000755609533,
    "timestamp": "2020-01-09 21:38:28"
}
{
    "exp_name": "kgcn_KEGG_neigh_4_embed_128_depth_2_agg_sum_optimizer_adam_lr_0.02_batch_size_4096_epoch_50",
    "batch_size": 4096,
    "optimizer": "adam",
    "epoch": 50,
    "learning_rate": 0.02,
    "train_time": "00:00:40",
    "dev_auc": 0.9386208852919964,
    "dev_acc": 0.883029133029133,
    "dev_f1": 0.8875579924082665,
    "dev_aupr": 0.9165913387870197,
    "k_fold": 2,
    "dataset": "KEGG",
    "aggregate_type": "sum",
    "test_auc": 0.9388957191852433,
    "test_acc": 0.8829516539440203,
    "test_f1": 0.8867764386352062,
    "test_aupr": 0.9121612038397421,
    "timestamp": "2020-01-09 21:39:16"
}
{
    "exp_name": "kgcn_KEGG_neigh_4_embed_128_depth_2_agg_sum_optimizer_adam_lr_0.02_batch_size_4096_epoch_50",
    "batch_size": 4096,
    "optimizer": "adam",
    "epoch": 50,
    "learning_rate": 0.02,
    "train_time": "00:00:39",
    "dev_auc": 0.9350125054199805,
    "dev_acc": 0.8766233766233766,
    "dev_f1": 0.8803811468436278,
    "dev_aupr": 0.908976051416357,
    "k_fold": 3,
    "dataset": "KEGG",
    "aggregate_type": "sum",
    "test_auc": 0.9357772043052618,
    "test_acc": 0.8756690357111521,
    "test_f1": 0.8826889643182383,
    "test_aupr": 0.9104756675049,
    "timestamp": "2020-01-09 21:40:02"
}
{
    "exp_name": "kgcn_KEGG_neigh_4_embed_128_depth_2_agg_sum_optimizer_adam_lr_0.02_batch_size_4096_epoch_50",
    "batch_size": 4096,
    "optimizer": "adam",
    "epoch": 50,
    "learning_rate": 0.02,
    "train_time": "00:00:48",
    "dev_auc": 0.9358827966235667,
    "dev_acc": 0.8764478764478765,
    "dev_f1": 0.8822348611575778,
    "dev_aupr": 0.9085867032090238,
    "k_fold": 4,
    "dataset": "KEGG",
    "aggregate_type": "sum",
    "test_auc": 0.9337038823260572,
    "test_acc": 0.878476792138282,
    "test_f1": 0.8843810000834794,
    "test_aupr": 0.908271208098159,
    "timestamp": "2020-01-09 21:40:58"
}
{
    "exp_name": "kgcn_KEGG_neigh_4_embed_128_depth_2_agg_sum_optimizer_adam_lr_0.02_batch_size_4096_epoch_50",
    "batch_size": 4096,
    "optimizer": "adam",
    "epoch": 50,
    "learning_rate": 0.02,
    "train_time": "00:00:38",
    "dev_auc": 0.9341877023738255,
    "dev_acc": 0.8748683748683749,
    "dev_f1": 0.8791525423728813,
    "dev_aupr": 0.9062695306671799,
    "k_fold": 5,
    "dataset": "KEGG",
    "aggregate_type": "sum",
    "test_auc": 0.9354312770089173,
    "test_acc": 0.8764587172062823,
    "test_f1": 0.8801294057551506,
    "test_aupr": 0.908439841448608,
    "timestamp": "2020-01-09 21:41:44"
}
{
    "exp_name": "kgcn_KEGG_neigh_4_embed_128_depth_2_agg_concat_optimizer_adam_lr_0.02_batch_size_4096_epoch_50",
    "batch_size": 4096,
    "optimizer": "adam",
    "epoch": 50,
    "learning_rate": 0.02,
    "train_time": "00:00:44",
    "dev_auc": 0.9399992761413095,
    "dev_acc": 0.8848718848718848,
    "dev_f1": 0.8890955198647505,
    "dev_aupr": 0.9144705405869553,
    "k_fold": 1,
    "dataset": "KEGG",
    "aggregate_type": "concat",
    "test_auc": 0.9373492419445832,
    "test_acc": 0.8818110028954989,
    "test_f1": 0.8877967513536027,
    "test_aupr": 0.9127858276006849,
    "timestamp": "2020-01-09 21:42:35"
}
{
    "exp_name": "kgcn_KEGG_neigh_4_embed_128_depth_2_agg_concat_optimizer_adam_lr_0.02_batch_size_4096_epoch_50",
    "batch_size": 4096,
    "optimizer": "adam",
    "epoch": 50,
    "learning_rate": 0.02,
    "train_time": "00:00:40",
    "dev_auc": 0.9394784755372433,
    "dev_acc": 0.8846086346086346,
    "dev_f1": 0.8883227176220807,
    "dev_aupr": 0.9130673457211312,
    "k_fold": 2,
    "dataset": "KEGG",
    "aggregate_type": "concat",
    "test_auc": 0.9409995296985858,
    "test_acc": 0.8828639115556726,
    "test_f1": 0.887351278373133,
    "test_aupr": 0.918537451608401,
    "timestamp": "2020-01-09 21:43:23"
}
{
    "exp_name": "kgcn_KEGG_neigh_4_embed_128_depth_2_agg_concat_optimizer_adam_lr_0.02_batch_size_4096_epoch_50",
    "batch_size": 4096,
    "optimizer": "adam",
    "epoch": 50,
    "learning_rate": 0.02,
    "train_time": "00:00:45",
    "dev_auc": 0.9401178455948891,
    "dev_acc": 0.8846963846963847,
    "dev_f1": 0.8890015205271161,
    "dev_aupr": 0.9136953612654897,
    "k_fold": 3,
    "dataset": "KEGG",
    "aggregate_type": "concat",
    "test_auc": 0.9401680252254948,
    "test_acc": 0.8857594103711504,
    "test_f1": 0.8910824828509286,
    "test_aupr": 0.9133062831725551,
    "timestamp": "2020-01-09 21:44:15"
}
{
    "exp_name": "kgcn_KEGG_neigh_4_embed_32_depth_2_agg_sum_optimizer_adam_lr_0.02_batch_size_4096_epoch_50",
    "batch_size": 4096,
    "optimizer": "adam",
    "epoch": 50,
    "learning_rate": 0.02,
    "train_time": "00:00:28",
    "dev_auc": 0.9421110917672547,
    "dev_acc": 0.8833801333801333,
    "dev_f1": 0.88898170578899,
    "dev_aupr": 0.9236089064003669,
    "k_fold": 1,
    "dataset": "KEGG",
    "aggregate_type": "sum",
    "test_auc": 0.9379038802625586,
    "test_acc": 0.8760200052645433,
    "test_f1": 0.8823382463152635,
    "test_aupr": 0.9162795362973964,
    "timestamp": "2020-01-09 22:20:35"
}
{
    "exp_name": "kgcn_KEGG_neigh_4_embed_32_depth_2_agg_sum_optimizer_adam_lr_0.02_batch_size_4096_epoch_50",
    "batch_size": 4096,
    "optimizer": "adam",
    "epoch": 50,
    "learning_rate": 0.02,
    "train_time": "00:00:28",
    "dev_auc": 0.941179286144947,
    "dev_acc": 0.8814496314496314,
    "dev_f1": 0.8854987710822951,
    "dev_aupr": 0.9209101891629728,
    "k_fold": 2,
    "dataset": "KEGG",
    "aggregate_type": "sum",
    "test_auc": 0.9390481454420392,
    "test_acc": 0.8799684127401948,
    "test_f1": 0.8853118712273642,
    "test_aupr": 0.9142434433886513,
    "timestamp": "2020-01-09 22:21:10"
}
{
    "exp_name": "kgcn_KEGG_neigh_4_embed_32_depth_2_agg_sum_optimizer_adam_lr_0.02_batch_size_4096_epoch_50",
    "batch_size": 4096,
    "optimizer": "adam",
    "epoch": 50,
    "learning_rate": 0.02,
    "train_time": "00:00:27",
    "dev_auc": 0.9407800376223141,
    "dev_acc": 0.8838188838188838,
    "dev_f1": 0.8903428855391752,
    "dev_aupr": 0.9201560519441019,
    "k_fold": 3,
    "dataset": "KEGG",
    "aggregate_type": "sum",
    "test_auc": 0.9407746567528881,
    "test_acc": 0.8791787312450645,
    "test_f1": 0.8822976322762629,
    "test_aupr": 0.9185552946940995,
    "timestamp": "2020-01-09 22:21:44"
}
{
    "exp_name": "kgcn_KEGG_neigh_4_embed_32_depth_2_agg_sum_optimizer_adam_lr_0.02_batch_size_4096_epoch_50",
    "batch_size": 4096,
    "optimizer": "adam",
    "epoch": 50,
    "learning_rate": 0.02,
    "train_time": "00:00:27",
    "dev_auc": 0.9349729763644024,
    "dev_acc": 0.8810986310986311,
    "dev_f1": 0.8871867454833069,
    "dev_aupr": 0.9083927983345916,
    "k_fold": 4,
    "dataset": "KEGG",
    "aggregate_type": "sum",
    "test_auc": 0.9405316408900007,
    "test_acc": 0.8824251996139335,
    "test_f1": 0.886709502874535,
    "test_aupr": 0.9157681424488154,
    "timestamp": "2020-01-09 22:22:18"
}
{
    "exp_name": "kgcn_KEGG_neigh_4_embed_32_depth_2_agg_sum_optimizer_adam_lr_0.02_batch_size_4096_epoch_50",
    "batch_size": 4096,
    "optimizer": "adam",
    "epoch": 50,
    "learning_rate": 0.02,
    "train_time": "00:00:28",
    "dev_auc": 0.9391678144286423,
    "dev_acc": 0.8823271323271323,
    "dev_f1": 0.8874149945428595,
    "dev_aupr": 0.9153633473345955,
    "k_fold": 5,
    "dataset": "KEGG",
    "aggregate_type": "sum",
    "test_auc": 0.9372886375410653,
    "test_acc": 0.8786522769149776,
    "test_f1": 0.8823879581597075,
    "test_aupr": 0.9108487819615848,
    "timestamp": "2020-01-09 22:22:52"
}
{
    "exp_name": "kgcn_KEGG_neigh_4_embed_32_depth_2_agg_concat_optimizer_adam_lr_0.02_batch_size_4096_epoch_50",
    "batch_size": 4096,
    "optimizer": "adam",
    "epoch": 50,
    "learning_rate": 0.02,
    "train_time": "00:00:28",
    "dev_auc": 0.9401384415035597,
    "dev_acc": 0.8825903825903826,
    "dev_f1": 0.8880709385979588,
    "dev_aupr": 0.9188568046108327,
    "k_fold": 1,
    "dataset": "KEGG",
    "aggregate_type": "concat",
    "test_auc": 0.9397705886208397,
    "test_acc": 0.8785645345266299,
    "test_f1": 0.8851070894902872,
    "test_aupr": 0.9214555351889429,
    "timestamp": "2020-01-09 22:23:27"
}
{
    "exp_name": "kgcn_KEGG_neigh_4_embed_32_depth_2_agg_concat_optimizer_adam_lr_0.02_batch_size_4096_epoch_50",
    "batch_size": 4096,
    "optimizer": "adam",
    "epoch": 50,
    "learning_rate": 0.02,
    "train_time": "00:00:28",
    "dev_auc": 0.9387385966410149,
    "dev_acc": 0.8821516321516322,
    "dev_f1": 0.8876432694720992,
    "dev_aupr": 0.916560862356219,
    "k_fold": 2,
    "dataset": "KEGG",
    "aggregate_type": "concat",
    "test_auc": 0.9371570443749027,
    "test_acc": 0.8776871106431517,
    "test_f1": 0.88283745167255,
    "test_aupr": 0.915977365162904,
    "timestamp": "2020-01-09 22:24:02"
}
{
    "exp_name": "kgcn_KEGG_neigh_4_embed_32_depth_2_agg_concat_optimizer_adam_lr_0.02_batch_size_4096_epoch_50",
    "batch_size": 4096,
    "optimizer": "adam",
    "epoch": 50,
    "learning_rate": 0.02,
    "train_time": "00:00:28",
    "dev_auc": 0.9409359852788924,
    "dev_acc": 0.8827658827658827,
    "dev_f1": 0.8895137280846841,
    "dev_aupr": 0.9205297094089875,
    "k_fold": 3,
    "dataset": "KEGG",
    "aggregate_type": "concat",
    "test_auc": 0.9403963356510701,
    "test_acc": 0.8813722909537598,
    "test_f1": 0.8867102396514162,
    "test_aupr": 0.9141536332658722,
    "timestamp": "2020-01-09 22:24:36"
}
{
    "exp_name": "kgcn_KEGG_neigh_4_embed_32_depth_2_agg_concat_optimizer_adam_lr_0.02_batch_size_4096_epoch_50",
    "batch_size": 4096,
    "optimizer": "adam",
    "epoch": 50,
    "learning_rate": 0.02,
    "train_time": "00:00:28",
    "dev_auc": 0.9379514098774199,
    "dev_acc": 0.8812741312741312,
    "dev_f1": 0.8860247662370483,
    "dev_aupr": 0.908091980572234,
    "k_fold": 4,
    "dataset": "KEGG",
    "aggregate_type": "concat",
    "test_auc": 0.9399064376641986,
    "test_acc": 0.8818110028954989,
    "test_f1": 0.8867972098495672,
    "test_aupr": 0.9142912707785935,
    "timestamp": "2020-01-09 22:25:11"
}
{
    "exp_name": "kgcn_KEGG_neigh_4_embed_32_depth_2_agg_concat_optimizer_adam_lr_0.02_batch_size_4096_epoch_50",
    "batch_size": 4096,
    "optimizer": "adam",
    "epoch": 50,
    "learning_rate": 0.02,
    "train_time": "00:00:28",
    "dev_auc": 0.9371832860830754,
    "dev_acc": 0.8764478764478765,
    "dev_f1": 0.8810207875612642,
    "dev_aupr": 0.9136818855703093,
    "k_fold": 5,
    "dataset": "KEGG",
    "aggregate_type": "concat",
    "test_auc": 0.9377863056189103,
    "test_acc": 0.8788277616916732,
    "test_f1": 0.8826378856123055,
    "test_aupr": 0.9101101543168525,
    "timestamp": "2020-01-09 22:25:46"
}
{
    "exp_name": "kgcn_KEGG_neigh_4_embed_32_depth_2_agg_neigh_optimizer_adam_lr_0.02_batch_size_4096_epoch_50",
    "batch_size": 4096,
    "optimizer": "adam",
    "epoch": 50,
    "learning_rate": 0.02,
    "train_time": "00:00:32",
    "dev_auc": 0.9287068938565435,
    "dev_acc": 0.8631098631098632,
    "dev_f1": 0.8665754361956893,
    "dev_aupr": 0.9078496785754985,
    "k_fold": 1,
    "dataset": "KEGG",
    "aggregate_type": "neigh",
    "test_auc": 0.9262901285217738,
    "test_acc": 0.8606650873036764,
    "test_f1": 0.8654009154093916,
    "test_aupr": 0.9042590770691219,
    "timestamp": "2020-01-09 22:26:24"
}
{
    "exp_name": "kgcn_KEGG_neigh_4_embed_32_depth_2_agg_neigh_optimizer_adam_lr_0.02_batch_size_4096_epoch_50",
    "batch_size": 4096,
    "optimizer": "adam",
    "epoch": 50,
    "learning_rate": 0.02,
    "train_time": "00:00:34",
    "dev_auc": 0.9284671650877139,
    "dev_acc": 0.8663566163566163,
    "dev_f1": 0.8730727560630053,
    "dev_aupr": 0.9042077370186405,
    "k_fold": 2,
    "dataset": "KEGG",
    "aggregate_type": "neigh",
    "test_auc": 0.9252001407204073,
    "test_acc": 0.8657541458278495,
    "test_f1": 0.8731132857853707,
    "test_aupr": 0.8942956041928252,
    "timestamp": "2020-01-09 22:27:05"
}
{
    "exp_name": "kgcn_KEGG_neigh_4_embed_32_depth_2_agg_neigh_optimizer_adam_lr_0.02_batch_size_4096_epoch_50",
    "batch_size": 4096,
    "optimizer": "adam",
    "epoch": 50,
    "learning_rate": 0.02,
    "train_time": "00:00:31",
    "dev_auc": 0.9291333374482798,
    "dev_acc": 0.8638118638118638,
    "dev_f1": 0.8684076649143633,
    "dev_aupr": 0.9092290942168327,
    "k_fold": 3,
    "dataset": "KEGG",
    "aggregate_type": "neigh",
    "test_auc": 0.9299792362436263,
    "test_acc": 0.8653154338861104,
    "test_f1": 0.8681611268573393,
    "test_aupr": 0.9011696505753318,
    "timestamp": "2020-01-09 22:27:42"
}
{
    "exp_name": "kgcn_KEGG_neigh_4_embed_32_depth_2_agg_neigh_optimizer_adam_lr_0.02_batch_size_4096_epoch_50",
    "batch_size": 4096,
    "optimizer": "adam",
    "epoch": 50,
    "learning_rate": 0.02,
    "train_time": "00:00:31",
    "dev_auc": 0.9256708375992804,
    "dev_acc": 0.8638996138996139,
    "dev_f1": 0.8660506088608688,
    "dev_aupr": 0.8972140361164804,
    "k_fold": 4,
    "dataset": "KEGG",
    "aggregate_type": "neigh",
    "test_auc": 0.9287439289199753,
    "test_acc": 0.8654031762744582,
    "test_f1": 0.8692019099590723,
    "test_aupr": 0.9026842887298978,
    "timestamp": "2020-01-09 22:28:20"
}
{
    "exp_name": "kgcn_KEGG_neigh_4_embed_32_depth_2_agg_neigh_optimizer_adam_lr_0.02_batch_size_4096_epoch_50",
    "batch_size": 4096,
    "optimizer": "adam",
    "epoch": 50,
    "learning_rate": 0.02,
    "train_time": "00:00:31",
    "dev_auc": 0.9228887293015636,
    "dev_acc": 0.8613548613548614,
    "dev_f1": 0.8651877133105801,
    "dev_aupr": 0.8937602611936792,
    "k_fold": 5,
    "dataset": "KEGG",
    "aggregate_type": "neigh",
    "test_auc": 0.9239998170763252,
    "test_acc": 0.861805738352198,
    "test_f1": 0.8664235433805444,
    "test_aupr": 0.8969002679615616,
    "timestamp": "2020-01-09 22:28:57"
}
{
    "exp_name": "kgcn_KEGG_neigh_4_embed_128_depth_2_agg_sum_optimizer_adam_lr_0.02_batch_size_4096_epoch_50",
    "batch_size": 4096,
    "optimizer": "adam",
    "epoch": 50,
    "learning_rate": 0.02,
    "train_time": "00:00:36",
    "dev_auc": 0.9327209659955981,
    "dev_acc": 0.8791681291681291,
    "dev_f1": 0.882698696652185,
    "dev_aupr": 0.9007773592164228,
    "k_fold": 1,
    "dataset": "KEGG",
    "aggregate_type": "sum",
    "test_auc": 0.9332235534941291,
    "test_acc": 0.8778625954198473,
    "test_f1": 0.883864508593359,
    "test_aupr": 0.9078845554431877,
    "timestamp": "2020-01-09 22:30:42"
}
{
    "exp_name": "kgcn_KEGG_neigh_4_embed_128_depth_2_agg_sum_optimizer_adam_lr_0.02_batch_size_4096_epoch_50",
    "batch_size": 4096,
    "optimizer": "adam",
    "epoch": 50,
    "learning_rate": 0.02,
    "train_time": "00:00:24",
    "dev_auc": 0.9372496547897247,
    "dev_acc": 0.8801333801333802,
    "dev_f1": 0.8867705570291777,
    "dev_aupr": 0.9116299113073579,
    "k_fold": 1,
    "dataset": "KEGG",
    "aggregate_type": "sum",
    "test_auc": 0.9333317356554451,
    "test_acc": 0.8781258225848908,
    "test_f1": 0.8866029879990204,
    "test_aupr": 0.9069442315781021,
    "timestamp": "2020-05-26 19:55:48"
}
{
    "exp_name": "kgcn_KEGG_neigh_4_embed_128_depth_2_agg_sum_optimizer_adam_lr_0.02_batch_size_4096_epoch_50",
    "batch_size": 4096,
    "optimizer": "adam",
    "epoch": 50,
    "learning_rate": 0.02,
    "train_time": "00:00:19",
    "dev_auc": 0.9349932756406991,
    "dev_acc": 0.8775008775008775,
    "dev_f1": 0.8821543136923855,
    "dev_aupr": 0.906079949792427,
    "k_fold": 1,
    "dataset": "KEGG",
    "aggregate_type": "sum",
    "test_auc": 0.9344655422397339,
    "test_acc": 0.8765464595946302,
    "test_f1": 0.8816154816996213,
    "test_aupr": 0.9059810129860738,
    "timestamp": "2020-05-26 20:03:33"
}
{
    "exp_name": "kgcn_KEGG_neigh_4_embed_128_depth_2_agg_sum_optimizer_adam_lr_0.02_batch_size_4096_epoch_50",
    "batch_size": 4096,
    "optimizer": "adam",
    "epoch": 50,
    "learning_rate": 0.02,
    "train_time": "00:00:18",
    "dev_auc": 0.9337310965782827,
    "dev_acc": 0.8739031239031239,
    "dev_f1": 0.8774831613948333,
    "dev_aupr": 0.9058041502475507,
    "k_fold": 2,
    "dataset": "KEGG",
    "aggregate_type": "sum",
    "test_auc": 0.9373794016064381,
    "test_acc": 0.8779503378081951,
    "test_f1": 0.884535569021333,
    "test_aupr": 0.9141259287305943,
    "timestamp": "2020-05-26 20:03:55"
}
{
    "exp_name": "kgcn_KEGG_neigh_4_embed_128_depth_2_agg_sum_optimizer_adam_lr_0.02_batch_size_4096_epoch_50",
    "batch_size": 4096,
    "optimizer": "adam",
    "epoch": 50,
    "learning_rate": 0.02,
    "train_time": "00:00:19",
    "dev_auc": 0.9341808921844601,
    "dev_acc": 0.8771498771498771,
    "dev_f1": 0.8844693843868624,
    "dev_aupr": 0.9018833795480231,
    "k_fold": 3,
    "dataset": "KEGG",
    "aggregate_type": "sum",
    "test_auc": 0.933604326612079,
    "test_acc": 0.8804948670702817,
    "test_f1": 0.88598694123556,
    "test_aupr": 0.9016788425045226,
    "timestamp": "2020-05-26 20:04:17"
}
{
    "exp_name": "kgcn_KEGG_neigh_4_embed_128_depth_2_agg_sum_optimizer_adam_lr_0.02_batch_size_4096_epoch_50",
    "batch_size": 4096,
    "optimizer": "adam",
    "epoch": 50,
    "learning_rate": 0.02,
    "train_time": "00:00:17",
    "dev_auc": 0.938470655434925,
    "dev_acc": 0.8806598806598807,
    "dev_f1": 0.8861543612924829,
    "dev_aupr": 0.9161623737286995,
    "k_fold": 4,
    "dataset": "KEGG",
    "aggregate_type": "sum",
    "test_auc": 0.9367817637039773,
    "test_acc": 0.8769851715363692,
    "test_f1": 0.881787521079258,
    "test_aupr": 0.9125988024261154,
    "timestamp": "2020-05-26 20:04:38"
}
{
    "exp_name": "kgcn_KEGG_neigh_4_embed_128_depth_2_agg_sum_optimizer_adam_lr_0.02_batch_size_4096_epoch_50",
    "batch_size": 4096,
    "optimizer": "adam",
    "epoch": 50,
    "learning_rate": 0.02,
    "train_time": "00:00:17",
    "dev_auc": 0.9337785248286333,
    "dev_acc": 0.8724113724113725,
    "dev_f1": 0.8782856186171104,
    "dev_aupr": 0.9087819274026675,
    "k_fold": 5,
    "dataset": "KEGG",
    "aggregate_type": "sum",
    "test_auc": 0.9354907062725314,
    "test_acc": 0.8788277616916732,
    "test_f1": 0.8865894719553257,
    "test_aupr": 0.9099110943654849,
    "timestamp": "2020-05-26 20:04:58"
}
{
    "exp_name": "kgcn_KEGG_neigh_4_embed_128_depth_2_agg_concat_optimizer_adam_lr_0.02_batch_size_4096_epoch_50",
    "batch_size": 4096,
    "optimizer": "adam",
    "epoch": 50,
    "learning_rate": 0.02,
    "train_time": "00:00:21",
    "dev_auc": 0.9363597933171816,
    "dev_acc": 0.8804843804843805,
    "dev_f1": 0.8851020752488611,
    "dev_aupr": 0.9098303369991263,
    "k_fold": 1,
    "dataset": "KEGG",
    "aggregate_type": "concat",
    "test_auc": 0.9337014523337865,
    "test_acc": 0.8781258225848908,
    "test_f1": 0.8822182650725008,
    "test_aupr": 0.9070463875143212,
    "timestamp": "2020-05-26 20:05:23"
}
{
    "exp_name": "kgcn_KEGG_neigh_4_embed_128_depth_2_agg_concat_optimizer_adam_lr_0.02_batch_size_4096_epoch_50",
    "batch_size": 4096,
    "optimizer": "adam",
    "epoch": 50,
    "learning_rate": 0.02,
    "train_time": "00:00:18",
    "dev_auc": 0.9367508150959889,
    "dev_acc": 0.8818006318006318,
    "dev_f1": 0.8880950402924317,
    "dev_aupr": 0.9103784820233474,
    "k_fold": 2,
    "dataset": "KEGG",
    "aggregate_type": "concat",
    "test_auc": 0.939923526039698,
    "test_acc": 0.878476792138282,
    "test_f1": 0.8848807247942815,
    "test_aupr": 0.919037910850877,
    "timestamp": "2020-05-26 20:05:45"
}
{
    "exp_name": "kgcn_KEGG_neigh_4_embed_128_depth_2_agg_concat_optimizer_adam_lr_0.02_batch_size_4096_epoch_50",
    "batch_size": 4096,
    "optimizer": "adam",
    "epoch": 50,
    "learning_rate": 0.02,
    "train_time": "00:00:22",
    "dev_auc": 0.9403246523843624,
    "dev_acc": 0.8798701298701299,
    "dev_f1": 0.8809461692321071,
    "dev_aupr": 0.916075684411385,
    "k_fold": 3,
    "dataset": "KEGG",
    "aggregate_type": "concat",
    "test_auc": 0.9426908408335999,
    "test_acc": 0.8804071246819338,
    "test_f1": 0.8830344117394662,
    "test_aupr": 0.9210341111241089,
    "timestamp": "2020-05-26 20:06:10"
}
{
    "exp_name": "kgcn_KEGG_neigh_4_embed_128_depth_2_agg_concat_optimizer_adam_lr_0.02_batch_size_4096_epoch_50",
    "batch_size": 4096,
    "optimizer": "adam",
    "epoch": 50,
    "learning_rate": 0.02,
    "train_time": "00:00:17",
    "dev_auc": 0.941395365455791,
    "dev_acc": 0.8826781326781327,
    "dev_f1": 0.8904008525288958,
    "dev_aupr": 0.917768653720362,
    "k_fold": 4,
    "dataset": "KEGG",
    "aggregate_type": "concat",
    "test_auc": 0.9403942803721579,
    "test_acc": 0.8853206984294113,
    "test_f1": 0.891472224528772,
    "test_aupr": 0.9122293454317391,
    "timestamp": "2020-05-26 20:06:31"
}
{
    "exp_name": "kgcn_KEGG_neigh_4_embed_128_depth_2_agg_concat_optimizer_adam_lr_0.02_batch_size_4096_epoch_50",
    "batch_size": 4096,
    "optimizer": "adam",
    "epoch": 50,
    "learning_rate": 0.02,
    "train_time": "00:00:19",
    "dev_auc": 0.9401191489990903,
    "dev_acc": 0.8829413829413829,
    "dev_f1": 0.8897156084656084,
    "dev_aupr": 0.916781536826148,
    "k_fold": 5,
    "dataset": "KEGG",
    "aggregate_type": "concat",
    "test_auc": 0.9383895061882374,
    "test_acc": 0.8809335790120207,
    "test_f1": 0.8855528379859999,
    "test_aupr": 0.9150845135255067,
    "timestamp": "2020-05-26 20:06:54"
}
{
    "exp_name": "kgcn_KEGG_neigh_4_embed_128_depth_2_agg_neigh_optimizer_adam_lr_0.02_batch_size_4096_epoch_50",
    "batch_size": 4096,
    "optimizer": "adam",
    "epoch": 50,
    "learning_rate": 0.02,
    "train_time": "00:00:21",
    "dev_auc": 0.9138678533358191,
    "dev_acc": 0.8513513513513513,
    "dev_f1": 0.8574074074074075,
    "dev_aupr": 0.8813374082046701,
    "k_fold": 1,
    "dataset": "KEGG",
    "aggregate_type": "neigh",
    "test_auc": 0.9097533444113048,
    "test_acc": 0.8499605159252435,
    "test_f1": 0.8552319674906874,
    "test_aupr": 0.8714326880198554,
    "timestamp": "2020-05-26 20:07:19"
}
{
    "exp_name": "kgcn_KEGG_neigh_4_embed_128_depth_2_agg_neigh_optimizer_adam_lr_0.02_batch_size_4096_epoch_50",
    "batch_size": 4096,
    "optimizer": "adam",
    "epoch": 50,
    "learning_rate": 0.02,
    "train_time": "00:00:24",
    "dev_auc": 0.9145386356722222,
    "dev_acc": 0.8517901017901018,
    "dev_f1": 0.8579598015305693,
    "dev_aupr": 0.8823262477136931,
    "k_fold": 2,
    "dataset": "KEGG",
    "aggregate_type": "neigh",
    "test_auc": 0.91584601725872,
    "test_acc": 0.8548740896727209,
    "test_f1": 0.8592340425531914,
    "test_aupr": 0.8829204763932661,
    "timestamp": "2020-05-26 20:07:46"
}
{
    "exp_name": "kgcn_KEGG_neigh_4_embed_128_depth_2_agg_neigh_optimizer_adam_lr_0.02_batch_size_4096_epoch_50",
    "batch_size": 4096,
    "optimizer": "adam",
    "epoch": 50,
    "learning_rate": 0.02,
    "train_time": "00:00:25",
    "dev_auc": 0.9156533403385824,
    "dev_acc": 0.8529308529308529,
    "dev_f1": 0.857700798098149,
    "dev_aupr": 0.8834283395566798,
    "k_fold": 3,
    "dataset": "KEGG",
    "aggregate_type": "neigh",
    "test_auc": 0.9106174126712265,
    "test_acc": 0.8497850311485479,
    "test_f1": 0.8551117129316181,
    "test_aupr": 0.869508708647798,
    "timestamp": "2020-05-26 20:08:14"
}
{
    "exp_name": "kgcn_KEGG_neigh_4_embed_128_depth_2_agg_neigh_optimizer_adam_lr_0.02_batch_size_4096_epoch_50",
    "batch_size": 4096,
    "optimizer": "adam",
    "epoch": 50,
    "learning_rate": 0.02,
    "train_time": "00:00:23",
    "dev_auc": 0.907524657298813,
    "dev_acc": 0.8376623376623377,
    "dev_f1": 0.8385407575493105,
    "dev_aupr": 0.8742345672871303,
    "k_fold": 4,
    "dataset": "KEGG",
    "aggregate_type": "neigh",
    "test_auc": 0.9051711734661511,
    "test_acc": 0.8359217337895938,
    "test_f1": 0.8374478442280945,
    "test_aupr": 0.8735441816634769,
    "timestamp": "2020-05-26 20:08:41"
}
{
    "exp_name": "kgcn_KEGG_neigh_4_embed_128_depth_2_agg_sum_optimizer_adam_lr_0.02_batch_size_1024_epoch_50",
    "batch_size": 1024,
    "optimizer": "adam",
    "epoch": 50,
    "learning_rate": 0.02,
    "train_time": "00:00:32",
    "dev_auc": 0.905344423265754,
    "dev_acc": 0.8455598455598455,
    "dev_f1": 0.852571620036857,
    "dev_aupr": 0.8653407644811886,
    "k_fold": 1,
    "dataset": "KEGG",
    "aggregate_type": "sum",
    "test_auc": 0.9063877139767079,
    "test_acc": 0.8461875932262877,
    "test_f1": 0.8543415039468216,
    "test_aupr": 0.86646714512691,
    "timestamp": "2020-05-26 20:29:34"
}
{
    "exp_name": "kgcn_KEGG_neigh_4_embed_128_depth_2_agg_sum_optimizer_adam_lr_0.02_batch_size_1024_epoch_50",
    "batch_size": 1024,
    "optimizer": "adam",
    "epoch": 50,
    "learning_rate": 0.02,
    "train_time": "00:00:25",
    "dev_auc": 0.9049297545819043,
    "dev_acc": 0.8456475956475956,
    "dev_f1": 0.8550712696712531,
    "dev_aupr": 0.8622139381352977,
    "k_fold": 2,
    "dataset": "KEGG",
    "aggregate_type": "sum",
    "test_auc": 0.906314345040327,
    "test_acc": 0.8500482583135913,
    "test_f1": 0.8562053007993268,
    "test_aupr": 0.8512801709915562,
    "timestamp": "2020-05-26 20:30:03"
}
{
    "exp_name": "kgcn_KEGG_neigh_4_embed_128_depth_2_agg_sum_optimizer_adam_lr_0.02_batch_size_1024_epoch_50",
    "batch_size": 1024,
    "optimizer": "adam",
    "epoch": 50,
    "learning_rate": 0.02,
    "train_time": "00:00:26",
    "dev_auc": 0.915790870520216,
    "dev_acc": 0.8573183573183574,
    "dev_f1": 0.8602852723835711,
    "dev_aupr": 0.8793478892565634,
    "k_fold": 3,
    "dataset": "KEGG",
    "aggregate_type": "sum",
    "test_auc": 0.9079436523949951,
    "test_acc": 0.8504869702553304,
    "test_f1": 0.8569989929506545,
    "test_aupr": 0.8682895614218398,
    "timestamp": "2020-05-26 20:30:33"
}
{
    "exp_name": "kgcn_KEGG_neigh_4_embed_128_depth_2_agg_sum_optimizer_adam_lr_0.02_batch_size_1024_epoch_50",
    "batch_size": 1024,
    "optimizer": "adam",
    "epoch": 50,
    "learning_rate": 0.02,
    "train_time": "00:00:26",
    "dev_auc": 0.9146643747542862,
    "dev_acc": 0.8482800982800983,
    "dev_f1": 0.8475174177617074,
    "dev_aupr": 0.8786535633435921,
    "k_fold": 4,
    "dataset": "KEGG",
    "aggregate_type": "sum",
    "test_auc": 0.9110895237602518,
    "test_acc": 0.8472405018864614,
    "test_f1": 0.848093534595585,
    "test_aupr": 0.8801961619726737,
    "timestamp": "2020-05-26 20:31:02"
}
{
    "exp_name": "kgcn_KEGG_neigh_4_embed_128_depth_2_agg_sum_optimizer_adam_lr_0.02_batch_size_4096_epoch_50",
    "batch_size": 4096,
    "optimizer": "adam",
    "epoch": 50,
    "learning_rate": 0.02,
    "train_time": "00:00:20",
    "dev_auc": 0.9382988043464198,
    "dev_acc": 0.8811863811863812,
    "dev_f1": 0.8889981964256436,
    "dev_aupr": 0.9133084535189597,
    "k_fold": 1,
    "dataset": "KEGG",
    "aggregate_type": "sum",
    "test_auc": 0.9359600534870358,
    "test_acc": 0.8778625954198473,
    "test_f1": 0.8859577257086679,
    "test_aupr": 0.9074457799755407,
    "timestamp": "2020-05-26 20:32:44"
}
{
    "exp_name": "kgcn_KEGG_neigh_4_embed_128_depth_2_agg_sum_optimizer_adam_lr_0.02_batch_size_4096_epoch_50",
    "batch_size": 4096,
    "optimizer": "adam",
    "epoch": 50,
    "learning_rate": 0.02,
    "train_time": "00:00:19",
    "dev_auc": 0.937481417534603,
    "dev_acc": 0.8759213759213759,
    "dev_f1": 0.8815745393634842,
    "dev_aupr": 0.9169939507445823,
    "k_fold": 2,
    "dataset": "KEGG",
    "aggregate_type": "sum",
    "test_auc": 0.9324702767029222,
    "test_acc": 0.878038080196543,
    "test_f1": 0.8827202159973,
    "test_aupr": 0.8999053362875864,
    "timestamp": "2020-05-26 20:33:07"
}
{
    "exp_name": "kgcn_KEGG_neigh_4_embed_128_depth_2_agg_sum_optimizer_adam_lr_0.02_batch_size_4096_epoch_50",
    "batch_size": 4096,
    "optimizer": "adam",
    "epoch": 50,
    "learning_rate": 0.02,
    "train_time": "00:00:17",
    "dev_auc": 0.9375179798236654,
    "dev_acc": 0.8764478764478765,
    "dev_f1": 0.8830759010131207,
    "dev_aupr": 0.9164530094045409,
    "k_fold": 3,
    "dataset": "KEGG",
    "aggregate_type": "sum",
    "test_auc": 0.939316159353285,
    "test_acc": 0.8834781082741072,
    "test_f1": 0.8898473788984738,
    "test_aupr": 0.9133727167109033,
    "timestamp": "2020-05-26 20:33:27"
}
{
    "exp_name": "kgcn_KEGG_neigh_4_embed_128_depth_2_agg_sum_optimizer_adam_lr_0.02_batch_size_4096_epoch_50",
    "batch_size": 4096,
    "optimizer": "adam",
    "epoch": 50,
    "learning_rate": 0.02,
    "train_time": "00:00:19",
    "dev_auc": 0.9350097514772443,
    "dev_acc": 0.8767111267111267,
    "dev_f1": 0.8799658265698419,
    "dev_aupr": 0.910600426386546,
    "k_fold": 4,
    "dataset": "KEGG",
    "aggregate_type": "sum",
    "test_auc": 0.9297210669505711,
    "test_acc": 0.8680354479248925,
    "test_f1": 0.8716066245518184,
    "test_aupr": 0.9002288842941173,
    "timestamp": "2020-05-26 20:33:50"
}
{
    "exp_name": "kgcn_KEGG_neigh_4_embed_128_depth_2_agg_sum_optimizer_adam_lr_0.02_batch_size_4096_epoch_50",
    "batch_size": 4096,
    "optimizer": "adam",
    "epoch": 50,
    "learning_rate": 0.02,
    "train_time": "00:00:17",
    "dev_auc": 0.9356583914459249,
    "dev_acc": 0.8767111267111267,
    "dev_f1": 0.8819228506597193,
    "dev_aupr": 0.911703547743771,
    "k_fold": 5,
    "dataset": "KEGG",
    "aggregate_type": "sum",
    "test_auc": 0.935656835594245,
    "test_acc": 0.8785645345266299,
    "test_f1": 0.8843969261610424,
    "test_aupr": 0.9092605268811228,
    "timestamp": "2020-05-26 20:34:11"
}
{
    "exp_name": "kgcn_KEGG_neigh_4_embed_128_depth_2_agg_concat_optimizer_adam_lr_0.02_batch_size_4096_epoch_50",
    "batch_size": 4096,
    "optimizer": "adam",
    "epoch": 50,
    "learning_rate": 0.02,
    "train_time": "00:00:22",
    "dev_auc": 0.9404240351036062,
    "dev_acc": 0.8854861354861355,
    "dev_f1": 0.8913676850079081,
    "dev_aupr": 0.9181262975038348,
    "k_fold": 1,
    "dataset": "KEGG",
    "aggregate_type": "concat",
    "test_auc": 0.936299825128948,
    "test_acc": 0.883127138720716,
    "test_f1": 0.8902439024390244,
    "test_aupr": 0.9122895165717484,
    "timestamp": "2020-05-26 20:34:36"
}
{
    "exp_name": "kgcn_KEGG_neigh_4_embed_128_depth_2_agg_concat_optimizer_adam_lr_0.02_batch_size_4096_epoch_50",
    "batch_size": 4096,
    "optimizer": "adam",
    "epoch": 50,
    "learning_rate": 0.02,
    "train_time": "00:00:20",
    "dev_auc": 0.9438384457210902,
    "dev_acc": 0.881010881010881,
    "dev_f1": 0.8828206014517801,
    "dev_aupr": 0.9197879431992393,
    "k_fold": 2,
    "dataset": "KEGG",
    "aggregate_type": "concat",
    "test_auc": 0.9392338928599914,
    "test_acc": 0.8741774151092393,
    "test_f1": 0.8780612244897958,
    "test_aupr": 0.9133043615617507,
    "timestamp": "2020-05-26 20:35:00"
}
{
    "exp_name": "kgcn_KEGG_neigh_4_embed_128_depth_2_agg_concat_optimizer_adam_lr_0.02_batch_size_4096_epoch_50",
    "batch_size": 4096,
    "optimizer": "adam",
    "epoch": 50,
    "learning_rate": 0.02,
    "train_time": "00:00:18",
    "dev_auc": 0.9421021537255281,
    "dev_acc": 0.8826781326781327,
    "dev_f1": 0.8894218840459847,
    "dev_aupr": 0.9218038598921732,
    "k_fold": 3,
    "dataset": "KEGG",
    "aggregate_type": "concat",
    "test_auc": 0.9369092793804343,
    "test_acc": 0.8811968061770641,
    "test_f1": 0.88843111404087,
    "test_aupr": 0.9155244484834998,
    "timestamp": "2020-05-26 20:35:21"
}
{
    "exp_name": "kgcn_KEGG_neigh_4_embed_128_depth_2_agg_concat_optimizer_adam_lr_0.02_batch_size_4096_epoch_50",
    "batch_size": 4096,
    "optimizer": "adam",
    "epoch": 50,
    "learning_rate": 0.02,
    "train_time": "00:00:19",
    "dev_auc": 0.9338361968122767,
    "dev_acc": 0.8767111267111267,
    "dev_f1": 0.8811437272650368,
    "dev_aupr": 0.9034091163560682,
    "k_fold": 4,
    "dataset": "KEGG",
    "aggregate_type": "concat",
    "test_auc": 0.9365934422689525,
    "test_acc": 0.8813722909537598,
    "test_f1": 0.8863101244534141,
    "test_aupr": 0.9077585184992856,
    "timestamp": "2020-05-26 20:35:44"
}
{
    "exp_name": "kgcn_KEGG_neigh_4_embed_128_depth_2_agg_concat_optimizer_adam_lr_0.02_batch_size_4096_epoch_50",
    "batch_size": 4096,
    "optimizer": "adam",
    "epoch": 50,
    "learning_rate": 0.02,
    "train_time": "00:00:18",
    "dev_auc": 0.9417129116412645,
    "dev_acc": 0.8776763776763776,
    "dev_f1": 0.879806863252285,
    "dev_aupr": 0.9183996891008535,
    "k_fold": 5,
    "dataset": "KEGG",
    "aggregate_type": "concat",
    "test_auc": 0.9376052305524145,
    "test_acc": 0.8691760989734141,
    "test_f1": 0.8718741943799948,
    "test_aupr": 0.9176838281232929,
    "timestamp": "2020-05-26 20:36:06"
}
{
    "exp_name": "kgcn_KEGG_neigh_4_embed_128_depth_2_agg_neigh_optimizer_adam_lr_0.02_batch_size_4096_epoch_50",
    "batch_size": 4096,
    "optimizer": "adam",
    "epoch": 50,
    "learning_rate": 0.02,
    "train_time": "00:00:22",
    "dev_auc": 0.9116790153458731,
    "dev_acc": 0.8424885924885925,
    "dev_f1": 0.8452185910149176,
    "dev_aupr": 0.8806630114087824,
    "k_fold": 1,
    "dataset": "KEGG",
    "aggregate_type": "neigh",
    "test_auc": 0.9084761164311659,
    "test_acc": 0.8447837150127226,
    "test_f1": 0.8499957601967267,
    "test_aupr": 0.8804715989147547,
    "timestamp": "2020-05-26 20:36:31"
}
{
    "exp_name": "kgcn_KEGG_neigh_4_embed_128_depth_2_agg_neigh_optimizer_adam_lr_0.02_batch_size_4096_epoch_50",
    "batch_size": 4096,
    "optimizer": "adam",
    "epoch": 50,
    "learning_rate": 0.02,
    "train_time": "00:00:22",
    "dev_auc": 0.9165675358515671,
    "dev_acc": 0.8502106002106002,
    "dev_f1": 0.8557180289071085,
    "dev_aupr": 0.8885730794163401,
    "k_fold": 2,
    "dataset": "KEGG",
    "aggregate_type": "neigh",
    "test_auc": 0.9127852646188752,
    "test_acc": 0.8514521365271562,
    "test_f1": 0.8556815275765067,
    "test_aupr": 0.877595599699543,
    "timestamp": "2020-05-26 20:36:56"
}
{
    "exp_name": "kgcn_KEGG_neigh_4_embed_128_depth_2_agg_neigh_optimizer_adam_lr_0.02_batch_size_4096_epoch_50",
    "batch_size": 4096,
    "optimizer": "adam",
    "epoch": 50,
    "learning_rate": 0.02,
    "train_time": "00:00:23",
    "dev_auc": 0.9195538194163707,
    "dev_acc": 0.8569673569673569,
    "dev_f1": 0.8608977641235706,
    "dev_aupr": 0.8919755101286919,
    "k_fold": 3,
    "dataset": "KEGG",
    "aggregate_type": "neigh",
    "test_auc": 0.9188341862243395,
    "test_acc": 0.8575063613231552,
    "test_f1": 0.8621392190152801,
    "test_aupr": 0.8855038517416427,
    "timestamp": "2020-05-26 20:37:23"
}
{
    "exp_name": "kgcn_KEGG_neigh_4_embed_128_depth_2_agg_neigh_optimizer_adam_lr_0.02_batch_size_4096_epoch_50",
    "batch_size": 4096,
    "optimizer": "adam",
    "epoch": 50,
    "learning_rate": 0.02,
    "train_time": "00:00:26",
    "dev_auc": 0.9151956584598581,
    "dev_acc": 0.8507371007371007,
    "dev_f1": 0.8530707437159887,
    "dev_aupr": 0.8838292051084002,
    "k_fold": 4,
    "dataset": "KEGG",
    "aggregate_type": "neigh",
    "test_auc": 0.911794494412915,
    "test_acc": 0.85250504518733,
    "test_f1": 0.8550487194964215,
    "test_aupr": 0.8701655023499804,
    "timestamp": "2020-05-26 20:37:52"
}
{
    "exp_name": "kgcn_KEGG_neigh_4_embed_128_depth_2_agg_neigh_optimizer_adam_lr_0.02_batch_size_4096_epoch_50",
    "batch_size": 4096,
    "optimizer": "adam",
    "epoch": 50,
    "learning_rate": 0.02,
    "train_time": "00:00:22",
    "dev_auc": 0.9137710116422495,
    "dev_acc": 0.8456475956475956,
    "dev_f1": 0.848583971765516,
    "dev_aupr": 0.8851601551885593,
    "k_fold": 5,
    "dataset": "KEGG",
    "aggregate_type": "neigh",
    "test_auc": 0.9109080693114129,
    "test_acc": 0.8432920944108099,
    "test_f1": 0.8459813728872025,
    "test_aupr": 0.8791459167371136,
    "timestamp": "2020-05-26 20:38:17"
}
{
    "exp_name": "kgcn_KEGG_neigh_4_embed_32_depth_2_agg_sum_optimizer_adam_lr_0.02_batch_size_2048_epoch_50",
    "batch_size": 2048,
    "optimizer": "adam",
    "epoch": 50,
    "learning_rate": 0.02,
    "train_time": "00:00:19",
    "dev_auc": 0.938040500017748,
    "dev_acc": 0.8790803790803791,
    "dev_f1": 0.884201680672269,
    "dev_aupr": 0.9067943919661712,
    "k_fold": 1,
    "dataset": "KEGG",
    "aggregate_type": "sum",
    "test_auc": 0.9352758129175343,
    "test_acc": 0.8787400193033255,
    "test_f1": 0.8861802009553615,
    "test_aupr": 0.9080466529435538,
    "timestamp": "2020-05-26 20:47:30"
}
{
    "exp_name": "kgcn_KEGG_neigh_4_embed_32_depth_2_agg_sum_optimizer_adam_lr_0.02_batch_size_2048_epoch_50",
    "batch_size": 2048,
    "optimizer": "adam",
    "epoch": 50,
    "learning_rate": 0.02,
    "train_time": "00:00:15",
    "dev_auc": 0.9425206785644556,
    "dev_acc": 0.8862758862758863,
    "dev_f1": 0.8920539730134932,
    "dev_aupr": 0.9242021028931091,
    "k_fold": 2,
    "dataset": "KEGG",
    "aggregate_type": "sum",
    "test_auc": 0.9382955673362859,
    "test_acc": 0.8846187593226288,
    "test_f1": 0.8902245596460472,
    "test_aupr": 0.9154046203657218,
    "timestamp": "2020-05-26 20:47:48"
}
{
    "exp_name": "kgcn_KEGG_neigh_4_embed_32_depth_2_agg_sum_optimizer_adam_lr_0.02_batch_size_2048_epoch_50",
    "batch_size": 2048,
    "optimizer": "adam",
    "epoch": 50,
    "learning_rate": 0.02,
    "train_time": "00:00:15",
    "dev_auc": 0.9412993434563378,
    "dev_acc": 0.8845208845208845,
    "dev_f1": 0.8910415631727108,
    "dev_aupr": 0.919267247087031,
    "k_fold": 3,
    "dataset": "KEGG",
    "aggregate_type": "sum",
    "test_auc": 0.9426653279089112,
    "test_acc": 0.8861103799245416,
    "test_f1": 0.8924249958561247,
    "test_aupr": 0.9193019025940289,
    "timestamp": "2020-05-26 20:48:06"
}
{
    "exp_name": "kgcn_KEGG_neigh_4_embed_32_depth_2_agg_sum_optimizer_adam_lr_0.02_batch_size_2048_epoch_50",
    "batch_size": 2048,
    "optimizer": "adam",
    "epoch": 50,
    "learning_rate": 0.02,
    "train_time": "00:00:17",
    "dev_auc": 0.9404461347978087,
    "dev_acc": 0.8815373815373816,
    "dev_f1": 0.8856900931414056,
    "dev_aupr": 0.9157666690398241,
    "k_fold": 4,
    "dataset": "KEGG",
    "aggregate_type": "sum",
    "test_auc": 0.9380360191833939,
    "test_acc": 0.8828639115556726,
    "test_f1": 0.88912880989951,
    "test_aupr": 0.9124709070476064,
    "timestamp": "2020-05-26 20:48:26"
}
{
    "exp_name": "kgcn_KEGG_neigh_4_embed_32_depth_2_agg_sum_optimizer_adam_lr_0.02_batch_size_2048_epoch_50",
    "batch_size": 2048,
    "optimizer": "adam",
    "epoch": 50,
    "learning_rate": 0.02,
    "train_time": "00:00:15",
    "dev_auc": 0.9413504154644724,
    "dev_acc": 0.8812741312741312,
    "dev_f1": 0.8882280049566296,
    "dev_aupr": 0.9198419920363596,
    "k_fold": 5,
    "dataset": "KEGG",
    "aggregate_type": "sum",
    "test_auc": 0.9401693945751188,
    "test_acc": 0.881723260507151,
    "test_f1": 0.8878535773710482,
    "test_aupr": 0.9170626928747764,
    "timestamp": "2020-05-26 20:48:45"
}